C:\Program Files (x86)\MSBuild\Microsoft.Cpp\v4.0\V140\Microsoft.CppBuild.targets(367,5): warning MSB8004: Intermediate Directory does not end with a trailing slash.  This build instance will add the slash as it is required to allow proper evaluation of the Intermediate Directory.
C:\Program Files (x86)\MSBuild\Microsoft.Cpp\v4.0\V140\Microsoft.CppBuild.targets(368,5): warning MSB8004: Output Directory does not end with a trailing slash.  This build instance will add the slash as it is required to allow proper evaluation of the Output Directory.
  ym2612_new.cpp
  YM2612Processor.cpp
c:\gamedev\genny_git\genny\src\ym2612\ym2612_plusgx.h(153): warning C4005: 'READ_WORD': macro redefinition
  c:\gamedev\genny_git\genny\src\ym2612\resampler\fir_resampler.h(45): note: see previous definition of 'READ_WORD'
c:\gamedev\genny_git\genny\src\ym2612\ym2612_plusgx.h(154): warning C4005: 'READ_WORD_LONG': macro redefinition
  c:\gamedev\genny_git\genny\src\ym2612\resampler\fir_resampler.h(46): note: see previous definition of 'READ_WORD_LONG'
c:\gamedev\genny_git\genny\src\ym2612\ym2612_plusgx.h(156): warning C4005: 'WRITE_WORD': macro redefinition
  c:\gamedev\genny_git\genny\src\ym2612\resampler\fir_resampler.h(48): note: see previous definition of 'WRITE_WORD'
c:\gamedev\genny_git\genny\src\ym2612\ym2612_plusgx.h(157): warning C4005: 'WRITE_WORD_LONG': macro redefinition
  c:\gamedev\genny_git\genny\src\ym2612\resampler\fir_resampler.h(49): note: see previous definition of 'WRITE_WORD_LONG'
c:\gamedev\genny_git\genny\src\ym2612\ym2612_plusgx.h(2443): warning C4244: '=': conversion from '__int64' to 'unsigned char', possible loss of data
c:\gamedev\genny_git\genny\src\ym2612\ym2612_new.h(160): warning C4005: 'INLINE': macro redefinition
  c:\gamedev\genny_git\genny\src\ym2612\resampler\fir_resampler.h(63): note: see previous definition of 'INLINE'
c:\gamedev\genny_git\genny\src\ym2612\ym2612_new.h(2247): warning C4005: 'load_param': macro redefinition
  c:\gamedev\genny_git\genny\src\ym2612\ym2612_plusgx.h(551): note: see previous definition of 'load_param'
c:\gamedev\genny_git\genny\src\ym2612\sn76489chip.h(84): warning C4099: 'GennyPatch': type name first seen using 'class' now seen using 'struct'
  c:\gamedev\genny_git\genny\src\ym2612\ym2612.h(92): note: see declaration of 'GennyPatch'
c:\gamedev\genny_git\genny\src\ym2612\sn76489.h(607): warning C4244: '+=': conversion from 'float' to 'int16_t', possible loss of data
c:\gamedev\genny_git\genny\src\ym2612\sn76489.h(608): warning C4244: '+=': conversion from 'float' to 'int16_t', possible loss of data
c:\gamedev\genny_git\genny\src\ym2612\ym2612processor.cpp(101): warning C4244: 'initializing': conversion from 'double' to 'float', possible loss of data
c:\gamedev\genny_git\genny\src\ym2612\ym2612processor.cpp(102): warning C4244: 'initializing': conversion from 'double' to 'float', possible loss of data
  YM2612.cpp
c:\gamedev\genny_git\genny\src\ym2612\ym2612_plusgx.h(2443): warning C4244: '=': conversion from '__int64' to 'unsigned char', possible loss of data
c:\gamedev\genny_git\genny\src\ym2612\ym2612_new.h(2247): warning C4005: 'load_param': macro redefinition
  c:\gamedev\genny_git\genny\src\ym2612\ym2612_plusgx.h(551): note: see previous definition of 'load_param'
c:\gamedev\genny_git\genny\src\ym2612\resampler\fir_resampler.h(45): warning C4005: 'READ_WORD': macro redefinition
  c:\gamedev\genny_git\genny\src\ym2612\ym2612_plusgx.h(153): note: see previous definition of 'READ_WORD'
c:\gamedev\genny_git\genny\src\ym2612\resampler\fir_resampler.h(46): warning C4005: 'READ_WORD_LONG': macro redefinition
  c:\gamedev\genny_git\genny\src\ym2612\ym2612_plusgx.h(154): note: see previous definition of 'READ_WORD_LONG'
c:\gamedev\genny_git\genny\src\ym2612\resampler\fir_resampler.h(48): warning C4005: 'WRITE_WORD': macro redefinition
  c:\gamedev\genny_git\genny\src\ym2612\ym2612_plusgx.h(156): note: see previous definition of 'WRITE_WORD'
c:\gamedev\genny_git\genny\src\ym2612\resampler\fir_resampler.h(49): warning C4005: 'WRITE_WORD_LONG': macro redefinition
  c:\gamedev\genny_git\genny\src\ym2612\ym2612_plusgx.h(157): note: see previous definition of 'WRITE_WORD_LONG'
c:\gamedev\genny_git\genny\src\vst\virtualinstrument.h(47): warning C4267: 'return': conversion from 'size_t' to 'int', possible loss of data
c:\gamedev\genny_git\genny\src\vst\virtualinstrument.h(75): warning C4244: 'return': conversion from 'int' to 'float', possible loss of data
c:\gamedev\genny_git\genny\src\ym2612\sn76489chip.h(84): warning C4099: 'GennyPatch': type name first seen using 'class' now seen using 'struct'
  c:\gamedev\genny_git\genny\src\ym2612\ym2612.h(92): note: see declaration of 'GennyPatch'
c:\gamedev\genny_git\genny\src\genny2612.h(206): warning C4099: 'GennyPatch': type name first seen using 'class' now seen using 'struct'
  c:\gamedev\genny_git\genny\src\genny2612.h(206): note: see declaration of 'GennyPatch'
c:\gamedev\genny_git\genny\src\indexbaron.h(112): warning C4267: 'return': conversion from 'size_t' to 'int', possible loss of data
c:\gamedev\genny_git\genny\src\gennyloaders.h(8): warning C4099: 'GennyData': type name first seen using 'class' now seen using 'struct'
  c:\gamedev\genny_git\genny\src\gennyloaders.h(7): note: see declaration of 'GennyData'
c:\gamedev\genny_git\genny\src\gennyloaders.h(175): warning C4267: 'argument': conversion from 'size_t' to 'int', possible loss of data
c:\gamedev\genny_git\genny\src\gennyloaders.h(177): warning C4267: 'argument': conversion from 'size_t' to 'int', possible loss of data
c:\gamedev\genny_git\genny\src\gennyloaders.h(186): warning C4267: '+=': conversion from 'size_t' to 'int', possible loss of data
c:\gamedev\genny_git\genny\src\ym2612\ym2612.cpp(467): warning C4244: 'initializing': conversion from 'float' to 'int', possible loss of data
c:\gamedev\genny_git\genny\src\ym2612\ym2612.cpp(473): warning C4244: 'initializing': conversion from 'float' to 'unsigned char', possible loss of data
c:\gamedev\genny_git\genny\src\ym2612\ym2612.cpp(498): warning C4244: '*=': conversion from 'double' to 'float', possible loss of data
c:\gamedev\genny_git\genny\src\ym2612\ym2612.cpp(500): warning C4244: '*=': conversion from 'double' to 'float', possible loss of data
c:\gamedev\genny_git\genny\src\ym2612\ym2612.cpp(502): warning C4244: '=': conversion from 'double' to 'float', possible loss of data
c:\gamedev\genny_git\genny\src\ym2612\ym2612.cpp(1034): warning C4244: '+=': conversion from 'double' to 'float', possible loss of data
c:\gamedev\genny_git\genny\src\ym2612\ym2612.cpp(1050): warning C4244: '=': conversion from 'int' to 'float', possible loss of data
c:\gamedev\genny_git\genny\src\ym2612\ym2612.cpp(1131): warning C4267: 'initializing': conversion from 'size_t' to 'int', possible loss of data
  WaveData.cpp
c:\gamedev\genny_git\genny\src\ym2612\ym2612_plusgx.h(2443): warning C4244: '=': conversion from '__int64' to 'unsigned char', possible loss of data
c:\gamedev\genny_git\genny\src\ym2612\ym2612_new.h(2247): warning C4005: 'load_param': macro redefinition
  c:\gamedev\genny_git\genny\src\ym2612\ym2612_plusgx.h(551): note: see previous definition of 'load_param'
c:\gamedev\genny_git\genny\src\ym2612\resampler\fir_resampler.h(45): warning C4005: 'READ_WORD': macro redefinition
  c:\gamedev\genny_git\genny\src\ym2612\ym2612_plusgx.h(153): note: see previous definition of 'READ_WORD'
c:\gamedev\genny_git\genny\src\ym2612\resampler\fir_resampler.h(46): warning C4005: 'READ_WORD_LONG': macro redefinition
  c:\gamedev\genny_git\genny\src\ym2612\ym2612_plusgx.h(154): note: see previous definition of 'READ_WORD_LONG'
c:\gamedev\genny_git\genny\src\ym2612\resampler\fir_resampler.h(48): warning C4005: 'WRITE_WORD': macro redefinition
  c:\gamedev\genny_git\genny\src\ym2612\ym2612_plusgx.h(156): note: see previous definition of 'WRITE_WORD'
c:\gamedev\genny_git\genny\src\ym2612\resampler\fir_resampler.h(49): warning C4005: 'WRITE_WORD_LONG': macro redefinition
  c:\gamedev\genny_git\genny\src\ym2612\ym2612_plusgx.h(157): note: see previous definition of 'WRITE_WORD_LONG'
c:\gamedev\genny_git\genny\src\vst\virtualinstrument.h(47): warning C4267: 'return': conversion from 'size_t' to 'int', possible loss of data
c:\gamedev\genny_git\genny\src\vst\virtualinstrument.h(75): warning C4244: 'return': conversion from 'int' to 'float', possible loss of data
c:\gamedev\genny_git\genny\src\ym2612\sn76489chip.h(84): warning C4099: 'GennyPatch': type name first seen using 'class' now seen using 'struct'
  c:\gamedev\genny_git\genny\src\ym2612\ym2612.h(92): note: see declaration of 'GennyPatch'
c:\gamedev\genny_git\genny\src\genny2612.h(206): warning C4099: 'GennyPatch': type name first seen using 'class' now seen using 'struct'
  c:\gamedev\genny_git\genny\src\genny2612.h(206): note: see declaration of 'GennyPatch'
c:\gamedev\genny_git\genny\src\indexbaron.h(112): warning C4267: 'return': conversion from 'size_t' to 'int', possible loss of data
c:\gamedev\genny_git\genny\src\gennyloaders.h(8): warning C4099: 'GennyData': type name first seen using 'class' now seen using 'struct'
  c:\gamedev\genny_git\genny\src\gennyloaders.h(7): note: see declaration of 'GennyData'
c:\gamedev\genny_git\genny\src\gennyloaders.h(175): warning C4267: 'argument': conversion from 'size_t' to 'int', possible loss of data
c:\gamedev\genny_git\genny\src\gennyloaders.h(177): warning C4267: 'argument': conversion from 'size_t' to 'int', possible loss of data
c:\gamedev\genny_git\genny\src\gennyloaders.h(186): warning C4267: '+=': conversion from 'size_t' to 'int', possible loss of data
c:\gamedev\genny_git\genny\src\ym2612\wavedata.cpp(96): warning C4244: '=': conversion from 'float' to 'int', possible loss of data
c:\gamedev\genny_git\genny\src\ym2612\wavedata.cpp(104): warning C4244: '=': conversion from 'double' to 'unsigned char', possible loss of data
  VGMLogger.cpp
c:\gamedev\genny_git\genny\src\ym2612\ym2612_plusgx.h(2443): warning C4244: '=': conversion from '__int64' to 'unsigned char', possible loss of data
c:\gamedev\genny_git\genny\src\ym2612\ym2612_new.h(2247): warning C4005: 'load_param': macro redefinition
  c:\gamedev\genny_git\genny\src\ym2612\ym2612_plusgx.h(551): note: see previous definition of 'load_param'
c:\gamedev\genny_git\genny\src\ym2612\ym2612.h(92): warning C4099: 'GennyPatch': type name first seen using 'struct' now seen using 'class'
  c:\gamedev\genny_git\genny\src\ym2612\sn76489chip.h(84): note: see declaration of 'GennyPatch'
c:\gamedev\genny_git\genny\src\vst\virtualinstrument.h(47): warning C4267: 'return': conversion from 'size_t' to 'int', possible loss of data
c:\gamedev\genny_git\genny\src\vst\virtualinstrument.h(75): warning C4244: 'return': conversion from 'int' to 'float', possible loss of data
c:\gamedev\genny_git\genny\src\ym2612\resampler\fir_resampler.h(45): warning C4005: 'READ_WORD': macro redefinition
  c:\gamedev\genny_git\genny\src\ym2612\ym2612_plusgx.h(153): note: see previous definition of 'READ_WORD'
c:\gamedev\genny_git\genny\src\ym2612\resampler\fir_resampler.h(46): warning C4005: 'READ_WORD_LONG': macro redefinition
  c:\gamedev\genny_git\genny\src\ym2612\ym2612_plusgx.h(154): note: see previous definition of 'READ_WORD_LONG'
c:\gamedev\genny_git\genny\src\ym2612\resampler\fir_resampler.h(48): warning C4005: 'WRITE_WORD': macro redefinition
  c:\gamedev\genny_git\genny\src\ym2612\ym2612_plusgx.h(156): note: see previous definition of 'WRITE_WORD'
c:\gamedev\genny_git\genny\src\ym2612\resampler\fir_resampler.h(49): warning C4005: 'WRITE_WORD_LONG': macro redefinition
  c:\gamedev\genny_git\genny\src\ym2612\ym2612_plusgx.h(157): note: see previous definition of 'WRITE_WORD_LONG'
c:\gamedev\genny_git\genny\src\ym2612\vgmlogger.cpp(106): warning C4244: '=': conversion from 'std::streamoff' to 'int', possible loss of data
c:\gamedev\genny_git\genny\src\ym2612\vgmlogger.cpp(133): warning C4244: 'initializing': conversion from 'std::streamoff' to 'int', possible loss of data
c:\gamedev\genny_git\genny\src\ym2612\vgmlogger.cpp(147): warning C4244: '=': conversion from 'std::streamoff' to 'long', possible loss of data
  SN76489Chip.cpp
c:\gamedev\genny_git\genny\src\ym2612\sn76489.h(607): warning C4244: '+=': conversion from 'float' to 'int16_t', possible loss of data
c:\gamedev\genny_git\genny\src\ym2612\sn76489.h(608): warning C4244: '+=': conversion from 'float' to 'int16_t', possible loss of data
c:\gamedev\genny_git\genny\src\ym2612\ym2612_plusgx.h(2443): warning C4244: '=': conversion from '__int64' to 'unsigned char', possible loss of data
c:\gamedev\genny_git\genny\src\ym2612\ym2612_new.h(2247): warning C4005: 'load_param': macro redefinition
  c:\gamedev\genny_git\genny\src\ym2612\ym2612_plusgx.h(551): note: see previous definition of 'load_param'
c:\gamedev\genny_git\genny\src\ym2612\ym2612.h(92): warning C4099: 'GennyPatch': type name first seen using 'struct' now seen using 'class'
  c:\gamedev\genny_git\genny\src\ym2612\sn76489chip.h(84): note: see declaration of 'GennyPatch'
c:\gamedev\genny_git\genny\src\ym2612\resampler\fir_resampler.h(45): warning C4005: 'READ_WORD': macro redefinition
  c:\gamedev\genny_git\genny\src\ym2612\ym2612_plusgx.h(153): note: see previous definition of 'READ_WORD'
c:\gamedev\genny_git\genny\src\ym2612\resampler\fir_resampler.h(46): warning C4005: 'READ_WORD_LONG': macro redefinition
  c:\gamedev\genny_git\genny\src\ym2612\ym2612_plusgx.h(154): note: see previous definition of 'READ_WORD_LONG'
c:\gamedev\genny_git\genny\src\ym2612\resampler\fir_resampler.h(48): warning C4005: 'WRITE_WORD': macro redefinition
  c:\gamedev\genny_git\genny\src\ym2612\ym2612_plusgx.h(156): note: see previous definition of 'WRITE_WORD'
c:\gamedev\genny_git\genny\src\ym2612\resampler\fir_resampler.h(49): warning C4005: 'WRITE_WORD_LONG': macro redefinition
  c:\gamedev\genny_git\genny\src\ym2612\ym2612_plusgx.h(157): note: see previous definition of 'WRITE_WORD_LONG'
c:\gamedev\genny_git\genny\src\vst\virtualinstrument.h(47): warning C4267: 'return': conversion from 'size_t' to 'int', possible loss of data
c:\gamedev\genny_git\genny\src\vst\virtualinstrument.h(75): warning C4244: 'return': conversion from 'int' to 'float', possible loss of data
c:\gamedev\genny_git\genny\src\indexbaron.h(112): warning C4267: 'return': conversion from 'size_t' to 'int', possible loss of data
c:\gamedev\genny_git\genny\src\gennyloaders.h(8): warning C4099: 'GennyData': type name first seen using 'class' now seen using 'struct'
  c:\gamedev\genny_git\genny\src\gennyloaders.h(7): note: see declaration of 'GennyData'
c:\gamedev\genny_git\genny\src\gennyloaders.h(175): warning C4267: 'argument': conversion from 'size_t' to 'int', possible loss of data
c:\gamedev\genny_git\genny\src\gennyloaders.h(177): warning C4267: 'argument': conversion from 'size_t' to 'int', possible loss of data
c:\gamedev\genny_git\genny\src\gennyloaders.h(186): warning C4267: '+=': conversion from 'size_t' to 'int', possible loss of data
c:\gamedev\genny_git\genny\src\ym2612\sn76489chip.cpp(56): warning C4244: 'initializing': conversion from 'double' to 'float', possible loss of data
c:\gamedev\genny_git\genny\src\ym2612\sn76489chip.cpp(191): warning C4244: 'initializing': conversion from 'float' to 'unsigned char', possible loss of data
c:\gamedev\genny_git\genny\src\ym2612\sn76489chip.cpp(195): warning C4244: '=': conversion from 'float' to 'unsigned char', possible loss of data
c:\gamedev\genny_git\genny\src\ym2612\sn76489chip.cpp(230): warning C4244: '=': conversion from 'double' to 'float', possible loss of data
c:\gamedev\genny_git\genny\src\ym2612\sn76489chip.cpp(243): warning C4244: 'initializing': conversion from 'double' to 'float', possible loss of data
c:\gamedev\genny_git\genny\src\ym2612\sn76489chip.cpp(244): warning C4244: 'initializing': conversion from 'double' to 'unsigned short', possible loss of data
c:\gamedev\genny_git\genny\src\ym2612\sn76489chip.cpp(354): warning C4267: 'initializing': conversion from 'size_t' to 'int', possible loss of data
c:\gamedev\genny_git\genny\src\ym2612\sn76489chip.cpp(360): warning C4267: 'initializing': conversion from 'size_t' to 'int', possible loss of data
  sn76489.cpp
  Fir_Resampler.cpp
c:\gamedev\genny_git\genny\src\ym2612\resampler\fir_resampler.cpp(205): warning C4244: 'return': conversion from '__int64' to 'int', possible loss of data
c:\gamedev\genny_git\genny\src\ym2612\resampler\fir_resampler.cpp(217): warning C4244: 'return': conversion from '__int64' to 'int', possible loss of data
c:\gamedev\genny_git\genny\src\ym2612\resampler\fir_resampler.cpp(296): warning C4244: '=': conversion from '__int64' to 'int', possible loss of data
c:\gamedev\genny_git\genny\src\ym2612\resampler\fir_resampler.cpp(300): warning C4244: 'return': conversion from '__int64' to 'int', possible loss of data
c:\gamedev\genny_git\genny\src\ym2612\resampler\fir_resampler.cpp(322): warning C4244: '-=': conversion from '__int64' to 'long', possible loss of data
c:\gamedev\genny_git\genny\src\ym2612\resampler\fir_resampler.cpp(330): warning C4244: 'initializing': conversion from '__int64' to 'int', possible loss of data
  State.cpp
