c:\gamedev\genny_git\genny\obj\debugfl\x86\vc140.pdb
c:\gamedev\genny_git\genny\obj\debugfl\x86\vc140.idb
c:\gamedev\genny_git\genny\obj\debugfl\x86\chebyshevii.obj
c:\gamedev\genny_git\genny\obj\debugfl\x86\custom.obj
c:\gamedev\genny_git\genny\obj\debugfl\x86\design.obj
c:\gamedev\genny_git\genny\obj\debugfl\x86\documentation.obj
c:\gamedev\genny_git\genny\obj\debugfl\x86\elliptic.obj
c:\gamedev\genny_git\genny\obj\debugfl\x86\filter.obj
c:\gamedev\genny_git\genny\obj\debugfl\x86\legendre.obj
c:\gamedev\genny_git\genny\obj\debugfl\x86\param.obj
c:\gamedev\genny_git\genny\obj\debugfl\x86\polefilter.obj
c:\gamedev\genny_git\genny\obj\debugfl\x86\rbj.obj
c:\gamedev\genny_git\genny\obj\debugfl\x86\rootfinder.obj
c:\gamedev\genny_git\genny\obj\debugfl\x86\state.obj
c:\gamedev\genny_git\genny\obj\debugfl\x86\fir_resampler.obj
c:\gamedev\genny_git\genny\obj\debugfl\x86\sn76489.obj
c:\gamedev\genny_git\genny\obj\debugfl\x86\sn76489chip.obj
c:\gamedev\genny_git\genny\obj\debugfl\x86\vgmlogger.obj
c:\gamedev\genny_git\genny\obj\debugfl\x86\wavedata.obj
c:\gamedev\genny_git\genny\obj\debugfl\x86\ym2612.obj
c:\gamedev\genny_git\genny\obj\debugfl\x86\ym2612processor.obj
c:\gamedev\genny_git\genny\obj\debugfl\x86\ym2612_new.obj
c:\gamedev\genny_git\genny\obj\debugfl\x86\uipresetsandinstrumentspanel.obj
c:\gamedev\genny_git\genny\obj\debugfl\x86\uiimportpanel.obj
c:\gamedev\genny_git\genny\obj\debugfl\x86\uiinstrumentelement.obj
c:\gamedev\genny_git\genny\obj\debugfl\x86\uiinstrumentspanel.obj
c:\gamedev\genny_git\genny\obj\debugfl\x86\uipresetelement.obj
c:\gamedev\genny_git\genny\obj\debugfl\x86\uipresetspanel.obj
c:\gamedev\genny_git\genny\obj\debugfl\x86\uipeselectedinstrument.obj
c:\gamedev\genny_git\genny\obj\debugfl\x86\uirangeslider.obj
c:\gamedev\genny_git\genny\obj\debugfl\x86\uireverseknob.obj
c:\gamedev\genny_git\genny\obj\debugfl\x86\uisamplerangeslider.obj
c:\gamedev\genny_git\genny\obj\debugfl\x86\uislider.obj
c:\gamedev\genny_git\genny\obj\debugfl\x86\uispinner.obj
c:\gamedev\genny_git\genny\obj\debugfl\x86\uiwaveform.obj
c:\gamedev\genny_git\genny\obj\debugfl\x86\virtualinstrument.obj
c:\gamedev\genny_git\genny\obj\debugfl\x86\drumset.obj
c:\gamedev\genny_git\genny\obj\debugfl\x86\bessel.obj
c:\gamedev\genny_git\genny\obj\debugfl\x86\biquad.obj
c:\gamedev\genny_git\genny\obj\debugfl\x86\butterworth.obj
c:\gamedev\genny_git\genny\obj\debugfl\x86\cascade.obj
c:\gamedev\genny_git\genny\obj\debugfl\x86\chebyshevi.obj
c:\gamedev\genny_git\genny\obj\debugfl\x86\uialgorithmselector.obj
c:\gamedev\genny_git\genny\obj\debugfl\x86\uibitmap.obj
c:\gamedev\genny_git\genny\obj\debugfl\x86\uichannelstatus.obj
c:\gamedev\genny_git\genny\obj\debugfl\x86\uicheckbox.obj
c:\gamedev\genny_git\genny\obj\debugfl\x86\uicheckboxnum.obj
c:\gamedev\genny_git\genny\obj\debugfl\x86\uicontextmenu.obj
c:\gamedev\genny_git\genny\obj\debugfl\x86\uidigitdisplay.obj
c:\gamedev\genny_git\genny\obj\debugfl\x86\uidigitknob.obj
c:\gamedev\genny_git\genny\obj\debugfl\x86\uidigitslider.obj
c:\gamedev\genny_git\genny\obj\debugfl\x86\uidigitslider2.obj
c:\gamedev\genny_git\genny\obj\debugfl\x86\uifeedbackcontrol.obj
c:\gamedev\genny_git\genny\obj\debugfl\x86\uiimage.obj
c:\gamedev\genny_git\genny\obj\debugfl\x86\uiinstrument.obj
c:\gamedev\genny_git\genny\obj\debugfl\x86\uiknob.obj
c:\gamedev\genny_git\genny\obj\debugfl\x86\uiletterdisplay.obj
c:\gamedev\genny_git\genny\obj\debugfl\x86\uimegamidipanel.obj
c:\gamedev\genny_git\genny\obj\debugfl\x86\uimegamidiportspinner.obj
c:\gamedev\genny_git\genny\obj\debugfl\x86\uimidichannel.obj
c:\gamedev\genny_git\genny\obj\debugfl\x86\uioperator.obj
c:\gamedev\genny_git\genny\obj\debugfl\x86\uipanslider.obj
c:\gamedev\genny_git\genny\obj\debugfl\x86\fp_cplug.obj
c:\gamedev\genny_git\genny\obj\debugfl\x86\fp_plugclass.obj
c:\gamedev\genny_git\genny\obj\debugfl\x86\aeffguieditor.obj
c:\gamedev\genny_git\genny\obj\debugfl\x86\plugguieditor.obj
c:\gamedev\genny_git\genny\obj\debugfl\x86\vstgui_win32.obj
c:\gamedev\genny_git\genny\obj\debugfl\x86\vstbase.obj
c:\gamedev\genny_git\genny\obj\debugfl\x86\genny2612.obj
c:\gamedev\genny_git\genny\obj\debugfl\x86\gennyloaders.obj
c:\gamedev\genny_git\genny\obj\debugfl\x86\gennyvst.obj
c:\gamedev\genny_git\genny\obj\debugfl\x86\indexbaron.obj
c:\gamedev\genny_git\genny\obj\debugfl\x86\gennyinterface.obj
c:\gamedev\genny_git\genny\obj\debugfl\x86\gennyinterfaceobject.obj
c:\gamedev\genny_git\genny\obj\debugfl\x86\adler32.obj
c:\gamedev\genny_git\genny\obj\debugfl\x86\compress.obj
c:\gamedev\genny_git\genny\obj\debugfl\x86\crc32.obj
c:\gamedev\genny_git\genny\obj\debugfl\x86\deflate.obj
c:\gamedev\genny_git\genny\obj\debugfl\x86\gzclose.obj
c:\gamedev\genny_git\genny\obj\debugfl\x86\gzlib.obj
c:\gamedev\genny_git\genny\obj\debugfl\x86\gzread.obj
c:\gamedev\genny_git\genny\obj\debugfl\x86\gzwrite.obj
c:\gamedev\genny_git\genny\obj\debugfl\x86\infback.obj
c:\gamedev\genny_git\genny\obj\debugfl\x86\inffast.obj
c:\gamedev\genny_git\genny\obj\debugfl\x86\inflate.obj
c:\gamedev\genny_git\genny\obj\debugfl\x86\inftrees.obj
c:\gamedev\genny_git\genny\obj\debugfl\x86\trees.obj
c:\gamedev\genny_git\genny\obj\debugfl\x86\uncompr.obj
c:\gamedev\genny_git\genny\obj\debugfl\x86\zutil.obj
c:\gamedev\genny_git\genny\obj\debugfl\x86\filterkit.obj
c:\gamedev\genny_git\genny\obj\debugfl\x86\resample.obj
c:\gamedev\genny_git\genny\obj\debugfl\x86\resamplesubs.obj
c:\gamedev\genny_git\genny\obj\debugfl\x86\uiopknob.obj
c:\gamedev\genny_git\genny\bin\debugfl\x86\gennyfl.lib
c:\gamedev\genny_git\genny\bin\debugfl\x86\gennyfl.exp
c:\gamedev\genny_git\genny\bin\debugfl\x86\gennyfl.ilk
c:\gamedev\genny_git\genny\bin\debugfl\x86\gennyfl.dll
c:\gamedev\genny_git\genny\bin\debugfl\x86\gennyfl.pdb
c:\gamedev\genny_git\genny\\bin\debugfl\x86\gennyfl.pdb
c:\gamedev\genny_git\genny\\bin\debugfl\x86\gennyfl.dll
c:\gamedev\genny_git\genny\\bin\debugfl\x86\gennyfl.ilk
c:\gamedev\genny_git\genny\obj\debugfl\x86\genny.tlog\cl.command.1.tlog
c:\gamedev\genny_git\genny\obj\debugfl\x86\genny.tlog\cl.read.1.tlog
c:\gamedev\genny_git\genny\obj\debugfl\x86\genny.tlog\cl.write.1.tlog
c:\gamedev\genny_git\genny\obj\debugfl\x86\genny.tlog\genny.write.1u.tlog
c:\gamedev\genny_git\genny\obj\debugfl\x86\genny.tlog\link.command.1.tlog
c:\gamedev\genny_git\genny\obj\debugfl\x86\genny.tlog\link.read.1.tlog
c:\gamedev\genny_git\genny\obj\debugfl\x86\genny.tlog\link.write.1.tlog
c:\gamedev\genny_git\genny\obj\debugfl\x86\genny.tlog\rc.command.1.tlog
c:\gamedev\genny_git\genny\obj\debugfl\x86\genny.tlog\rc.read.1.tlog
c:\gamedev\genny_git\genny\obj\debugfl\x86\genny.tlog\rc.write.1.tlog
