C:\Program Files (x86)\MSBuild\Microsoft.Cpp\v4.0\V140\Microsoft.CppBuild.targets(367,5): warning MSB8004: Intermediate Directory does not end with a trailing slash.  This build instance will add the slash as it is required to allow proper evaluation of the Intermediate Directory.
C:\Program Files (x86)\MSBuild\Microsoft.Cpp\v4.0\V140\Microsoft.CppBuild.targets(368,5): warning MSB8004: Output Directory does not end with a trailing slash.  This build instance will add the slash as it is required to allow proper evaluation of the Output Directory.
cl : Command line warning D9002: ignoring unknown option '/verbose'
  YM2612Processor.cpp
c:\gamedev\genny_git\genny\src\ym2612\ym2612_plusgx.h(153): warning C4005: 'READ_WORD': macro redefinition
  c:\gamedev\genny_git\genny\src\ym2612\resampler\fir_resampler.h(45): note: see previous definition of 'READ_WORD'
c:\gamedev\genny_git\genny\src\ym2612\ym2612_plusgx.h(154): warning C4005: 'READ_WORD_LONG': macro redefinition
  c:\gamedev\genny_git\genny\src\ym2612\resampler\fir_resampler.h(46): note: see previous definition of 'READ_WORD_LONG'
c:\gamedev\genny_git\genny\src\ym2612\ym2612_plusgx.h(156): warning C4005: 'WRITE_WORD': macro redefinition
  c:\gamedev\genny_git\genny\src\ym2612\resampler\fir_resampler.h(48): note: see previous definition of 'WRITE_WORD'
c:\gamedev\genny_git\genny\src\ym2612\ym2612_plusgx.h(157): warning C4005: 'WRITE_WORD_LONG': macro redefinition
  c:\gamedev\genny_git\genny\src\ym2612\resampler\fir_resampler.h(49): note: see previous definition of 'WRITE_WORD_LONG'
c:\gamedev\genny_git\genny\src\ym2612\ym2612_new.h(160): warning C4005: 'INLINE': macro redefinition
  c:\gamedev\genny_git\genny\src\ym2612\resampler\fir_resampler.h(63): note: see previous definition of 'INLINE'
c:\gamedev\genny_git\genny\src\ym2612\ym2612_new.h(2247): warning C4005: 'load_param': macro redefinition
  c:\gamedev\genny_git\genny\src\ym2612\ym2612_plusgx.h(551): note: see previous definition of 'load_param'
c:\gamedev\genny_git\genny\src\ym2612\sn76489chip.h(87): warning C4099: 'GennyPatch': type name first seen using 'class' now seen using 'struct'
  c:\gamedev\genny_git\genny\src\ym2612\ym2612.h(94): note: see declaration of 'GennyPatch'
c:\gamedev\genny_git\genny\src\ym2612\sn76489.h(607): warning C4244: '+=': conversion from 'float' to 'int16_t', possible loss of data
c:\gamedev\genny_git\genny\src\ym2612\sn76489.h(608): warning C4244: '+=': conversion from 'float' to 'int16_t', possible loss of data
c:\gamedev\genny_git\genny\src\ym2612\ym2612processor.cpp(104): warning C4244: 'initializing': conversion from 'double' to 'float', possible loss of data
c:\gamedev\genny_git\genny\src\ym2612\ym2612processor.cpp(105): warning C4244: 'initializing': conversion from 'double' to 'float', possible loss of data
  Genny.vcxproj -> C:\gamedev\genny_git\Genny\\bin\DebugFL\x86\GennyFL.dll
  Genny.vcxproj -> C:\gamedev\genny_git\Genny\\bin\DebugFL\x86\GennyFL.pdb (Full PDB)
  1 File(s) copied
