<?xml version="1.0" encoding="UTF-8"?>
<feedback>
 <message severity="info">Analysis started...</message>
 <nop/>
 <message severity="info">Result file: C:\gamedev\genny\Genny\My Inspector Results - Genny\r000mi1\r000mi1.inspxe </message>
 <nop/>
 <message severity="info">Analysis started for c:\gamedev\genny\genny\bin\debug\x64\gennyx_x64.dll (pid = 19572) </message>
 <nop/>
 <message severity="info">Loaded module: c:\gamedev\genny\genny\bin\debug\x64\gennyx_x64.dll, address range [0x7ff6252d0000-0x7ff6262c4fff] </message>
 <nop/>
 <message severity="info">Loaded module: c:\windows\system32\kernelbase.dll, address range [0x7ffd7d4f0000-0x7ffd7d7c9fff], minimal analysis </message>
 <nop/>
 <message severity="info">Loaded module: c:\windows\system32\kernel32.dll, address range [0x7ffd7fae0000-0x7ffd7fb9efff], minimal analysis </message>
 <nop/>
 <message severity="info">Loaded module: c:\windows\system32\ntdll.dll, address range [0x7ffd7fc90000-0x7ffd7fe87fff], minimal analysis </message>
 <nop/>
 <message severity="info">Loaded module: c:\program files (x86)\intel\oneapi\inspector\2023.1.0\bin64\dnclrprofinfo.dll, address range [0x7ffd5a2f0000-0x7ffd5a357fff], minimal analysis </message>
 <nop/>
 <message severity="info">Loaded module: c:\windows\system32\user32.dll, address range [0x7ffd7e6b0000-0x7ffd7e84cfff], minimal analysis </message>
 <nop/>
 <message severity="info">Loaded module: c:\windows\system32\win32u.dll, address range [0x7ffd7da60000-0x7ffd7da81fff] </message>
 <nop/>
 <message severity="info">Loaded module: c:\windows\system32\gdi32.dll, address range [0x7ffd7f590000-0x7ffd7f5bafff], minimal analysis </message>
 <nop/>
 <message severity="info">Loaded module: c:\windows\system32\gdi32full.dll, address range [0x7ffd7dbe0000-0x7ffd7dceffff], minimal analysis </message>
 <nop/>
 <message severity="info">Loaded module: c:\windows\system32\msvcp_win.dll, address range [0x7ffd7d9c0000-0x7ffd7da5cfff] </message>
 <nop/>
 <message severity="info">Loaded module: c:\windows\system32\ucrtbase.dll, address range [0x7ffd7da90000-0x7ffd7db8ffff] </message>
 <nop/>
 <message severity="info">Loaded module: c:\windows\system32\shell32.dll, address range [0x7ffd7de30000-0x7ffd7e573fff], minimal analysis </message>
 <nop/>
 <message severity="info">Loaded module: c:\windows\system32\ole32.dll, address range [0x7ffd7f900000-0x7ffd7fa29fff], minimal analysis </message>
 <nop/>
 <message severity="info">Loaded module: c:\windows\system32\rpcrt4.dll, address range [0x7ffd7f240000-0x7ffd7f365fff], minimal analysis </message>
 <nop/>
 <message severity="info">Loaded module: c:\windows\system32\combase.dll, address range [0x7ffd7e850000-0x7ffd7eba3fff], minimal analysis </message>
 <nop/>
 <message severity="info">Loaded module: c:\windows\system32\shlwapi.dll, address range [0x7ffd7f1e0000-0x7ffd7f234fff] </message>
 <nop/>
 <message severity="info">Loaded module: c:\windows\system32\msvcrt.dll, address range [0x1ab90f80000-0x1ab9101dfff], minimal analysis </message>
 <nop/>
 <message severity="info">Loaded module: c:\windows\system32\dwmapi.dll, address range [0x7ffd7ad80000-0x7ffd7adaefff], minimal analysis </message>
 <nop/>
 <message severity="info">Loaded module: c:\windows\system32\opengl32.dll, address range [0x7ffd44800000-0x7ffd44924fff] </message>
 <nop/>
 <message severity="info">Loaded module: c:\windows\system32\advapi32.dll, address range [0x7ffd7ecc0000-0x7ffd7ed6dfff], minimal analysis </message>
 <nop/>
 <message severity="info">Loaded module: c:\windows\system32\sechost.dll, address range [0x7ffd7fa40000-0x7ffd7fadbfff] </message>
 <nop/>
 <message severity="info">Loaded module: c:\windows\system32\d2d1.dll, address range [0x7ffd796d0000-0x7ffd79c8ffff] </message>
 <nop/>
 <message severity="info">Loaded module: c:\windows\system32\dwrite.dll, address range [0x7ffd6e360000-0x7ffd6e5defff] </message>
 <nop/>
 <message severity="info">Loaded module: c:\windows\system32\glu32.dll, address range [0x7ffd6bd50000-0x7ffd6bd7bfff] </message>
 <nop/>
 <message severity="info">Loaded module: c:\windows\system32\imm32.dll, address range [0x7ffd7f8d0000-0x7ffd7f8fffff], minimal analysis </message>
 <nop/>
 <message severity="info">Loaded module: c:\windows\system32\bcryptprimitives.dll, address range [0x7ffd7d930000-0x7ffd7d9b1fff], minimal analysis </message>
 <nop/>
 <message severity="info">Loaded module: c:\windows\system32\kernel.appcore.dll, address range [0x7ffd7bc10000-0x7ffd7bc21fff] </message>
 <nop/>
 <message severity="info">Loaded module: c:\windows\system32\uxtheme.dll, address range [0x7ffd7aa00000-0x7ffd7aa9dfff], minimal analysis </message>
 <nop/>
 <message severity="info">Loaded module: c:\programdata\a-volute\a-volute.28054df1f58b4\modules\scheduledmodules\x64\audiodevprops2.dll, address range [0x7ffd26a50000-0x7ffd26b87fff] </message>
 <nop/>
 <message severity="info">Loaded module: c:\windows\system32\ws2_32.dll, address range [0x7ffd7f370000-0x7ffd7f3dafff] </message>
 <nop/>
 <message severity="info">Loaded module: c:\programdata\a-volute\a-volute.28054df1f58b4\modules\scheduledmodules\x64\nahimicosd.dll, address range [0x7ffd27cb0000-0x7ffd27d5dfff] </message>
 <nop/>
 <message severity="info">Loaded module: c:\programdata\a-volute\a-volute.28054df1f58b4\modules\scheduledmodules\x64\productinfo.dll, address range [0x7ffd27d90000-0x7ffd27daffff] </message>
 <nop/>
 <message severity="info">Loaded module: c:\programdata\a-volute\a-volute.sonicstudio3\modules\scheduledmodules\x64\audiodevprops2.dll, address range [0x7ffd41030000-0x7ffd41167fff] </message>
 <nop/>
 <message severity="info">Application exit code: 1 </message>
 <nop/>
 <message severity="info">Result file: C:\gamedev\genny\Genny\My Inspector Results - Genny\r000mi1\r000mi1.inspxe </message>
 <nop/>
 <message severity="info">Analysis canceled by user</message>
 <nop/>
</feedback>
