<?xml version="1.0" encoding="utf-8"?>
<log version="1.0" tool="runtool">

<msg id="1" tool="runtool">
  <type>log-start</type>
  <arg>2023/04/29 12:06:59</arg>
</msg>
<msg id="2" tool="runtool">
  <type>collector-starts</type>
</msg>
<msg id="3" tool="runtool">
  <type>marker-file</type>
  <arg>C:\gamedev\genny\Genny\My Inspector Results - Genny\r001mi1\r001mi1.inspxe</arg>
</msg>
<msg id="4" tool="mc">
  <type>EXEC_OF_INTEREST</type>
  <arg>c:\gamedev\genny\genny\bin\debug\x64\gennyx_x64.dll</arg>
  <arg>27544</arg>
  <severity>INFO</severity>
  <timestamp>Sat Apr 29 12:07:00 2023</timestamp>
</msg>
<msg id="5" tool="mc">
  <type>MODULE_LOAD</type>
  <arg>c:\gamedev\genny\genny\bin\debug\x64\gennyx_x64.dll</arg>
  <arg>0x7ff780520000</arg>
  <arg>0x7ff781514fff</arg>
  <severity>INFO</severity>
  <timestamp>Sat Apr 29 12:07:04 2023</timestamp>
</msg>
<msg id="6" tool="mc">
  <type>MODULE_LOAD_NO_ANALYSIS</type>
  <arg>c:\windows\system32\kernelbase.dll</arg>
  <arg>0x7ffd7d4f0000</arg>
  <arg>0x7ffd7d7c9fff</arg>
  <severity>INFO</severity>
  <timestamp>Sat Apr 29 12:07:10 2023</timestamp>
</msg>
<msg id="7" tool="mc">
  <type>MODULE_LOAD_NO_ANALYSIS</type>
  <arg>c:\windows\system32\kernel32.dll</arg>
  <arg>0x7ffd7fae0000</arg>
  <arg>0x7ffd7fb9efff</arg>
  <severity>INFO</severity>
  <timestamp>Sat Apr 29 12:07:13 2023</timestamp>
</msg>
<msg id="8" tool="mc">
  <type>MODULE_LOAD_NO_ANALYSIS</type>
  <arg>c:\windows\system32\ntdll.dll</arg>
  <arg>0x7ffd7fc90000</arg>
  <arg>0x7ffd7fe87fff</arg>
  <severity>INFO</severity>
  <timestamp>Sat Apr 29 12:07:14 2023</timestamp>
</msg>
<msg id="9" tool="mc">
  <type>MODULE_LOAD_NO_ANALYSIS</type>
  <arg>c:\program files (x86)\intel\oneapi\inspector\2023.1.0\bin64\dnclrprofinfo.dll</arg>
  <arg>0x7ffd5a2f0000</arg>
  <arg>0x7ffd5a357fff</arg>
  <severity>INFO</severity>
  <timestamp>Sat Apr 29 12:07:14 2023</timestamp>
</msg>
<msg id="10" tool="mc">
  <type>MODULE_LOAD_NO_ANALYSIS</type>
  <arg>c:\windows\system32\user32.dll</arg>
  <arg>0x7ffd7e6b0000</arg>
  <arg>0x7ffd7e84cfff</arg>
  <severity>INFO</severity>
  <timestamp>Sat Apr 29 12:07:14 2023</timestamp>
</msg>
<msg id="11" tool="mc">
  <type>MODULE_LOAD</type>
  <arg>c:\windows\system32\win32u.dll</arg>
  <arg>0x7ffd7da60000</arg>
  <arg>0x7ffd7da81fff</arg>
  <severity>INFO</severity>
  <timestamp>Sat Apr 29 12:07:14 2023</timestamp>
</msg>
<msg id="12" tool="mc">
  <type>MODULE_LOAD_NO_ANALYSIS</type>
  <arg>c:\windows\system32\gdi32.dll</arg>
  <arg>0x7ffd7f590000</arg>
  <arg>0x7ffd7f5bafff</arg>
  <severity>INFO</severity>
  <timestamp>Sat Apr 29 12:07:15 2023</timestamp>
</msg>
<msg id="13" tool="mc">
  <type>MODULE_LOAD_NO_ANALYSIS</type>
  <arg>c:\windows\system32\gdi32full.dll</arg>
  <arg>0x7ffd7dbe0000</arg>
  <arg>0x7ffd7dceffff</arg>
  <severity>INFO</severity>
  <timestamp>Sat Apr 29 12:07:15 2023</timestamp>
</msg>
<msg id="14" tool="mc">
  <type>MODULE_LOAD</type>
  <arg>c:\windows\system32\msvcp_win.dll</arg>
  <arg>0x7ffd7d9c0000</arg>
  <arg>0x7ffd7da5cfff</arg>
  <severity>INFO</severity>
  <timestamp>Sat Apr 29 12:07:15 2023</timestamp>
</msg>
<msg id="15" tool="mc">
  <type>MODULE_LOAD</type>
  <arg>c:\windows\system32\ucrtbase.dll</arg>
  <arg>0x7ffd7da90000</arg>
  <arg>0x7ffd7db8ffff</arg>
  <severity>INFO</severity>
  <timestamp>Sat Apr 29 12:07:16 2023</timestamp>
</msg>
<msg id="16" tool="mc">
  <type>MODULE_LOAD_NO_ANALYSIS</type>
  <arg>c:\windows\system32\shell32.dll</arg>
  <arg>0x7ffd7de30000</arg>
  <arg>0x7ffd7e573fff</arg>
  <severity>INFO</severity>
  <timestamp>Sat Apr 29 12:07:16 2023</timestamp>
</msg>
<msg id="17" tool="mc">
  <type>MODULE_LOAD_NO_ANALYSIS</type>
  <arg>c:\windows\system32\ole32.dll</arg>
  <arg>0x7ffd7f900000</arg>
  <arg>0x7ffd7fa29fff</arg>
  <severity>INFO</severity>
  <timestamp>Sat Apr 29 12:07:16 2023</timestamp>
</msg>
<msg id="18" tool="mc">
  <type>MODULE_LOAD_NO_ANALYSIS</type>
  <arg>c:\windows\system32\rpcrt4.dll</arg>
  <arg>0x7ffd7f240000</arg>
  <arg>0x7ffd7f365fff</arg>
  <severity>INFO</severity>
  <timestamp>Sat Apr 29 12:07:16 2023</timestamp>
</msg>
<msg id="19" tool="mc">
  <type>MODULE_LOAD_NO_ANALYSIS</type>
  <arg>c:\windows\system32\combase.dll</arg>
  <arg>0x7ffd7e850000</arg>
  <arg>0x7ffd7eba3fff</arg>
  <severity>INFO</severity>
  <timestamp>Sat Apr 29 12:07:16 2023</timestamp>
</msg>
<msg id="20" tool="mc">
  <type>MODULE_LOAD</type>
  <arg>c:\windows\system32\shlwapi.dll</arg>
  <arg>0x7ffd7f1e0000</arg>
  <arg>0x7ffd7f234fff</arg>
  <severity>INFO</severity>
  <timestamp>Sat Apr 29 12:07:16 2023</timestamp>
</msg>
<msg id="21" tool="mc">
  <type>MODULE_LOAD_NO_ANALYSIS</type>
  <arg>c:\windows\system32\msvcrt.dll</arg>
  <arg>0x166773a0000</arg>
  <arg>0x1667743dfff</arg>
  <severity>INFO</severity>
  <timestamp>Sat Apr 29 12:07:16 2023</timestamp>
</msg>
<msg id="22" tool="mc">
  <type>MODULE_LOAD_NO_ANALYSIS</type>
  <arg>c:\windows\system32\dwmapi.dll</arg>
  <arg>0x7ffd7ad80000</arg>
  <arg>0x7ffd7adaefff</arg>
  <severity>INFO</severity>
  <timestamp>Sat Apr 29 12:07:16 2023</timestamp>
</msg>
<msg id="23" tool="mc">
  <type>MODULE_LOAD</type>
  <arg>c:\windows\system32\opengl32.dll</arg>
  <arg>0x7ffd44800000</arg>
  <arg>0x7ffd44924fff</arg>
  <severity>INFO</severity>
  <timestamp>Sat Apr 29 12:07:16 2023</timestamp>
</msg>
<msg id="24" tool="mc">
  <type>MODULE_LOAD_NO_ANALYSIS</type>
  <arg>c:\windows\system32\advapi32.dll</arg>
  <arg>0x7ffd7ecc0000</arg>
  <arg>0x7ffd7ed6dfff</arg>
  <severity>INFO</severity>
  <timestamp>Sat Apr 29 12:07:17 2023</timestamp>
</msg>
<msg id="25" tool="mc">
  <type>MODULE_LOAD</type>
  <arg>c:\windows\system32\sechost.dll</arg>
  <arg>0x7ffd7fa40000</arg>
  <arg>0x7ffd7fadbfff</arg>
  <severity>INFO</severity>
  <timestamp>Sat Apr 29 12:07:17 2023</timestamp>
</msg>
<msg id="26" tool="mc">
  <type>MODULE_LOAD</type>
  <arg>c:\windows\system32\d2d1.dll</arg>
  <arg>0x7ffd796d0000</arg>
  <arg>0x7ffd79c8ffff</arg>
  <severity>INFO</severity>
  <timestamp>Sat Apr 29 12:07:18 2023</timestamp>
</msg>
<msg id="27" tool="mc">
  <type>MODULE_LOAD</type>
  <arg>c:\windows\system32\dwrite.dll</arg>
  <arg>0x7ffd6e360000</arg>
  <arg>0x7ffd6e5defff</arg>
  <severity>INFO</severity>
  <timestamp>Sat Apr 29 12:07:18 2023</timestamp>
</msg>
<msg id="28" tool="mc">
  <type>MODULE_LOAD</type>
  <arg>c:\windows\system32\glu32.dll</arg>
  <arg>0x7ffd6bd50000</arg>
  <arg>0x7ffd6bd7bfff</arg>
  <severity>INFO</severity>
  <timestamp>Sat Apr 29 12:07:18 2023</timestamp>
</msg>
<msg id="29" tool="mc">
  <type>MODULE_LOAD_NO_ANALYSIS</type>
  <arg>c:\windows\system32\imm32.dll</arg>
  <arg>0x7ffd7f8d0000</arg>
  <arg>0x7ffd7f8fffff</arg>
  <severity>INFO</severity>
  <timestamp>Sat Apr 29 12:07:18 2023</timestamp>
</msg>
<msg id="30" tool="mc">
  <type>MODULE_LOAD_NO_ANALYSIS</type>
  <arg>c:\windows\system32\bcryptprimitives.dll</arg>
  <arg>0x7ffd7d930000</arg>
  <arg>0x7ffd7d9b1fff</arg>
  <severity>INFO</severity>
  <timestamp>Sat Apr 29 12:07:18 2023</timestamp>
</msg>
<msg id="31" tool="mc">
  <type>MODULE_LOAD</type>
  <arg>c:\windows\system32\kernel.appcore.dll</arg>
  <arg>0x7ffd7bc10000</arg>
  <arg>0x7ffd7bc21fff</arg>
  <severity>INFO</severity>
  <timestamp>Sat Apr 29 12:07:19 2023</timestamp>
</msg>
<msg id="32" tool="mc">
  <type>MODULE_LOAD</type>
  <arg>c:\windows\system32\textshaping.dll</arg>
  <arg>0x7ffd6d820000</arg>
  <arg>0x7ffd6d8cbfff</arg>
  <severity>INFO</severity>
  <timestamp>Sat Apr 29 12:07:19 2023</timestamp>
</msg>
<msg id="33" tool="mc">
  <type>MODULE_LOAD_NO_ANALYSIS</type>
  <arg>c:\windows\system32\uxtheme.dll</arg>
  <arg>0x7ffd7aa00000</arg>
  <arg>0x7ffd7aa9dfff</arg>
  <severity>INFO</severity>
  <timestamp>Sat Apr 29 12:07:19 2023</timestamp>
</msg>
<msg id="34" tool="mc">
  <type>MODULE_LOAD</type>
  <arg>c:\programdata\a-volute\a-volute.28054df1f58b4\modules\scheduledmodules\x64\audiodevprops2.dll</arg>
  <arg>0x7ffd26a50000</arg>
  <arg>0x7ffd26b87fff</arg>
  <severity>INFO</severity>
  <timestamp>Sat Apr 29 12:07:19 2023</timestamp>
</msg>
<msg id="35" tool="mc">
  <type>MODULE_LOAD</type>
  <arg>c:\windows\system32\ws2_32.dll</arg>
  <arg>0x7ffd7f370000</arg>
  <arg>0x7ffd7f3dafff</arg>
  <severity>INFO</severity>
  <timestamp>Sat Apr 29 12:07:19 2023</timestamp>
</msg>
<msg id="36" tool="mc">
  <type>MODULE_LOAD</type>
  <arg>c:\programdata\a-volute\a-volute.28054df1f58b4\modules\scheduledmodules\x64\nahimicosd.dll</arg>
  <arg>0x7ffd27cb0000</arg>
  <arg>0x7ffd27d5dfff</arg>
  <severity>INFO</severity>
  <timestamp>Sat Apr 29 12:07:19 2023</timestamp>
</msg>
<msg id="37" tool="mc">
  <type>MODULE_LOAD</type>
  <arg>c:\programdata\a-volute\a-volute.28054df1f58b4\modules\scheduledmodules\x64\productinfo.dll</arg>
  <arg>0x7ffd27d90000</arg>
  <arg>0x7ffd27daffff</arg>
  <severity>INFO</severity>
  <timestamp>Sat Apr 29 12:07:19 2023</timestamp>
</msg>
<msg id="38" tool="mc">
  <type>MODULE_LOAD</type>
  <arg>c:\programdata\a-volute\a-volute.sonicstudio3\modules\scheduledmodules\x64\audiodevprops2.dll</arg>
  <arg>0x7ffd41030000</arg>
  <arg>0x7ffd41167fff</arg>
  <severity>INFO</severity>
  <timestamp>Sat Apr 29 12:07:19 2023</timestamp>
</msg>
<msg id="39" tool="mc">
  <type>MODULE_LOAD_NO_ANALYSIS</type>
  <arg>c:\windows\system32\msctf.dll</arg>
  <arg>0x16601310000</arg>
  <arg>0x16601423fff</arg>
  <severity>INFO</severity>
  <timestamp>Sat Apr 29 12:07:20 2023</timestamp>
</msg>
<msg id="40" tool="mc">
  <type>MODULE_LOAD_NO_ANALYSIS</type>
  <arg>c:\windows\system32\oleaut32.dll</arg>
  <arg>0x7ffd7f660000</arg>
  <arg>0x7ffd7f72cfff</arg>
  <severity>INFO</severity>
  <timestamp>Sat Apr 29 12:07:20 2023</timestamp>
</msg>
<msg id="41" tool="mc">
  <type>MODULE_LOAD_NO_ANALYSIS</type>
  <arg>c:\windows\system32\textinputframework.dll</arg>
  <arg>0x7ffd72470000</arg>
  <arg>0x7ffd72568fff</arg>
  <severity>INFO</severity>
  <timestamp>Sat Apr 29 12:07:20 2023</timestamp>
</msg>
<msg id="42" tool="mc">
  <type>MODULE_LOAD_NO_ANALYSIS</type>
  <arg>c:\windows\system32\coreuicomponents.dll</arg>
  <arg>0x7ffd7a200000</arg>
  <arg>0x7ffd7a55dfff</arg>
  <severity>INFO</severity>
  <timestamp>Sat Apr 29 12:07:21 2023</timestamp>
</msg>
<msg id="43" tool="mc">
  <type>MODULE_LOAD_NO_ANALYSIS</type>
  <arg>c:\windows\system32\shcore.dll</arg>
  <arg>0x166015d0000</arg>
  <arg>0x1660167cfff</arg>
  <severity>INFO</severity>
  <timestamp>Sat Apr 29 12:07:21 2023</timestamp>
</msg>
<msg id="44" tool="mc">
  <type>MODULE_LOAD_NO_ANALYSIS</type>
  <arg>c:\windows\system32\coremessaging.dll</arg>
  <arg>0x166016b0000</arg>
  <arg>0x166017a1fff</arg>
  <severity>INFO</severity>
  <timestamp>Sat Apr 29 12:07:21 2023</timestamp>
</msg>
<msg id="45" tool="mc">
  <type>MODULE_LOAD</type>
  <arg>c:\windows\system32\ntmarta.dll</arg>
  <arg>0x7ffd7c530000</arg>
  <arg>0x7ffd7c562fff</arg>
  <severity>INFO</severity>
  <timestamp>Sat Apr 29 12:07:21 2023</timestamp>
</msg>
<msg id="46" tool="mc">
  <type>MODULE_LOAD</type>
  <arg>c:\windows\system32\wintypes.dll</arg>
  <arg>0x7ffd78ea0000</arg>
  <arg>0x7ffd78ff3fff</arg>
  <severity>INFO</severity>
  <timestamp>Sat Apr 29 12:07:22 2023</timestamp>
</msg>
<msg id="47" tool="runtool">
  <type>app-exit-code</type>
  <arg>1</arg>
</msg>
<msg id="48" tool="runtool">
  <type>marker-file</type>
  <arg>C:\gamedev\genny\Genny\My Inspector Results - Genny\r001mi1\r001mi1.inspxe</arg>
</msg>
<msg id="49" tool="runtool">
  <type>collector-canceled</type>
</msg>
<msg id="50" tool="runtool">
  <type>log-end</type>
  <arg>2023/04/29 12:07:38</arg>
</msg>

</log>

