<?xml version="1.0" encoding="utf-8" ?>
<!-- DO NOT EDIT THIS FILE -->

<log version='2.0' source='mc'>
	<!-- Successfully loaded CCRT at address 0x7ffd6c900000 - 0x7ffd6c921000 -->
	<!-- Successfully loaded MC at address 0x6b8d0000 - 0x6bdc8000 -->
	<msg id='1' source='mc'>
		<type>EXEC_OF_INTEREST</type>
		<severity>INFO</severity>
		<timestamp>Sat Apr 29 12:07:00 2023</timestamp>
		<arg name='path'>c:\gamedev\genny\genny\bin\debug\x64\gennyx_x64.dll</arg>
		<arg name='pid'>27544</arg>
	</msg>
	<!-- Command line: C:\Program Files (x86)\Intel\oneAPI\inspector\2023.1.0\bin32\pin -xyzzy -mesgoff console -xyzzy -bridge_save_x87 0 -bridge_save_mxcsr 0 -follow_execv -error_file C:\gamedev\genny\Genny\My Inspector Results - Genny\r001mi1\data.0\pin_error.log -logfile C:\gamedev\genny\Genny\My Inspector Results - Genny\r001mi1\data.0\pin.log -xyzzy -region_max_inss 500 -p64 C:\Program Files (x86)\Intel\oneAPI\inspector\2023.1.0\bin64\pin -t64 C:\Program Files (x86)\Intel\oneAPI\inspector\2023.1.0\bin64\memchkr.dll -t C:\Program Files (x86)\Intel\oneAPI\inspector\2023.1.0\bin32\memchkr.dll -no-analyze-stack -no-access-checks -leak-check-on-exit -leak-check-report-reachable -check-resource-leaks -freelist-vol 0 -leak-maximum 100000 -guard-zone-size 0 -stack-depth 8 -heartbeat 1 -working-dir C:\gamedev\genny\Genny\My Inspector Results - Genny\r001mi1\data.0 -support_jit_api -log mc_GennyX_x64.log -result GennyX_x64 - C:\gamedev\genny\Genny\bin\Debug\x64\GennyX_x64.dll  -->
	<!-- mc's options are the following:  -->
	<!-- -help                              false -->
	<!-- -verbose                           false -->
	<!-- -xyzzy                             false -->
	<!-- -version                           false -->
	<!-- -help-all                          false -->
	<!-- -xyzzy-all                         false -->
	<!-- -report-all-instances              false -->
	<!-- -check-for-padded-structures       true -->
	<!-- -check-for-bitfields               true -->
	<!-- -analyze-stack                     false -->
	<!-- -access-checks                     false -->
	<!-- -track-origins                     true -->
	<!-- -duplicate-uninits                 false -->
	<!-- -bss-initialized                   true -->
	<!-- -align-alloc-size                  false -->
	<!-- -report-uninit-read                false -->
	<!-- -ignore-system-libraries           false -->
	<!-- -gen-suppressions                  false -->
	<!-- -leak-check-on-exit                true -->
	<!-- -leak-check-on-demand              false -->
	<!-- -leak-check-uses-baseline          true -->
	<!-- -enable-memory-growth              false -->
	<!-- -leak-check-report-reachable       true -->
	<!-- -leak-check-full                   true -->
	<!-- -check-resource-leaks              true -->
	<!-- -trace-children                    false -->
	<!-- -enable-poke                       false -->
	<!-- -jit-mode-anyway                   false -->
	<!-- -check-mismatches                  false -->
	<!-- -aggressive-callstack-caching      false -->
	<!-- -suppress-breakpoints              false -->
	<!-- -monitor-memory                    false -->
	<!-- -keep-deallocation-stack           false -->
	<!-- -mem-stats                         false -->
	<!-- -short-log                         false -->
	<!-- -freelist-vol                      0 -->
	<!-- -leak-maximum                      100000 -->
	<!-- -guard-zone-size                   0 -->
	<!-- -stack-depth                       8 -->
	<!-- -heartbeat                         1 -->
	<!-- -breakpoint-file                   (null) -->
	<!-- -config-file                       (null) -->
	<!-- -log                               mc_gennyx_x64.log -->
	<!-- -ignore-commands                   (null),  -->
	<!-- -ignore-modules                    (null),  -->
	<!-- -ignore-symbols                    (null),  -->
	<!-- -module-of-interest                (null),  -->
	<!-- -executable-of-interest            (null),  -->
	<!-- -working-dir                       c:\gamedev\genny\genny\my inspector results - genny\r001mi1\data.0 -->
	<!-- -result                            gennyx_x64 -->
	<!-- -exclude-module                    (null),  -->
	<!-- -include-module                    (null),  -->
	<!-- -only-exec-commands                (null),  -->
	<!-- -suppressions                      (null),  -->
	<!-- -debug                             none -->
	<!-- -shared-mem-name                   (null) -->
	<!-- -poke-function                     (null),  -->
	<!-- -analysis-mode                     (null) -->
	<!-- -disable-gatekeeping               false -->
	<!-- -ignore-os-allocators              false -->
	<!-- -mrte-mode                         auto -->
	<!-- probe mode: yes -->
	<!-- mem leaks checks: yes -->
	<!-- res leaks checks: yes -->
	<!-- access checks: no -->
	<!-- gpu checks: no -->
	<!-- track origin: no -->
	<!-- Environment: INTEL_LIBITTNOTIFY32=C:\Program Files (x86)\Intel\oneAPI\inspector\2023.1.0\bin32\runtime\libittnotify.dll -->
	<!-- Environment: INTEL_LIBITTNOTIFY64=C:\Program Files (x86)\Intel\oneAPI\inspector\2023.1.0\bin64\runtime\libittnotify.dll -->
	<!-- Environment: INTEL_JIT_PROFILER32=C:\Program Files (x86)\Intel\oneAPI\inspector\2023.1.0\bin32\pinjitprofiling.dll -->
	<!-- Environment: INTEL_JIT_PROFILER64=C:\Program Files (x86)\Intel\oneAPI\inspector\2023.1.0\bin64\pinjitprofiling.dll -->
	<!-- DIAG: 1 -->
	<!-- Failed to instrument main executable entry point (ptr=0x7ff7807b183e name=unnamedImageEntryPoint). -->
	<!-- Entry point from ILT record is instrumented instead (ptr=0x7ff780b62f60 name=mainCRTStartup) -->
	<msg id='2' source='mc'>
		<type>MODULE_LOAD</type>
		<severity>INFO</severity>
		<timestamp>Sat Apr 29 12:07:04 2023</timestamp>
		<arg name='path'>c:\gamedev\genny\genny\bin\debug\x64\gennyx_x64.dll</arg>
		<arg name='addr1'>0x7ff780520000</arg>
		<arg name='addr2'>0x7ff781514fff</arg>
	</msg>
	<msg id='3' source='mc'>
		<type>MODULE_LOAD_NO_ANALYSIS</type>
		<severity>INFO</severity>
		<timestamp>Sat Apr 29 12:07:10 2023</timestamp>
		<arg name='path'>c:\windows\system32\kernelbase.dll</arg>
		<arg name='addr1'>0x7ffd7d4f0000</arg>
		<arg name='addr2'>0x7ffd7d7c9fff</arg>
	</msg>
	<!-- entry point not safe for probe insertion in kernel32.dll -->
	<msg id='4' source='mc'>
		<type>MODULE_LOAD_NO_ANALYSIS</type>
		<severity>INFO</severity>
		<timestamp>Sat Apr 29 12:07:13 2023</timestamp>
		<arg name='path'>c:\windows\system32\kernel32.dll</arg>
		<arg name='addr1'>0x7ffd7fae0000</arg>
		<arg name='addr2'>0x7ffd7fb9efff</arg>
	</msg>
	<msg id='5' source='mc'>
		<type>MODULE_LOAD_NO_ANALYSIS</type>
		<severity>INFO</severity>
		<timestamp>Sat Apr 29 12:07:14 2023</timestamp>
		<arg name='path'>c:\windows\system32\ntdll.dll</arg>
		<arg name='addr1'>0x7ffd7fc90000</arg>
		<arg name='addr2'>0x7ffd7fe87fff</arg>
	</msg>
	<msg id='6' source='mc'>
		<type>MODULE_LOAD_NO_ANALYSIS</type>
		<severity>INFO</severity>
		<timestamp>Sat Apr 29 12:07:14 2023</timestamp>
		<arg name='path'>c:\program files (x86)\intel\oneapi\inspector\2023.1.0\bin64\dnclrprofinfo.dll</arg>
		<arg name='addr1'>0x7ffd5a2f0000</arg>
		<arg name='addr2'>0x7ffd5a357fff</arg>
	</msg>
	<msg id='7' source='mc'>
		<type>MODULE_LOAD_NO_ANALYSIS</type>
		<severity>INFO</severity>
		<timestamp>Sat Apr 29 12:07:14 2023</timestamp>
		<arg name='path'>c:\windows\system32\user32.dll</arg>
		<arg name='addr1'>0x7ffd7e6b0000</arg>
		<arg name='addr2'>0x7ffd7e84cfff</arg>
	</msg>
	<msg id='8' source='mc'>
		<type>MODULE_LOAD</type>
		<severity>INFO</severity>
		<timestamp>Sat Apr 29 12:07:14 2023</timestamp>
		<arg name='path'>c:\windows\system32\win32u.dll</arg>
		<arg name='addr1'>0x7ffd7da60000</arg>
		<arg name='addr2'>0x7ffd7da81fff</arg>
	</msg>
	<msg id='9' source='mc'>
		<type>MODULE_LOAD_NO_ANALYSIS</type>
		<severity>INFO</severity>
		<timestamp>Sat Apr 29 12:07:15 2023</timestamp>
		<arg name='path'>c:\windows\system32\gdi32.dll</arg>
		<arg name='addr1'>0x7ffd7f590000</arg>
		<arg name='addr2'>0x7ffd7f5bafff</arg>
	</msg>
	<msg id='10' source='mc'>
		<type>MODULE_LOAD_NO_ANALYSIS</type>
		<severity>INFO</severity>
		<timestamp>Sat Apr 29 12:07:15 2023</timestamp>
		<arg name='path'>c:\windows\system32\gdi32full.dll</arg>
		<arg name='addr1'>0x7ffd7dbe0000</arg>
		<arg name='addr2'>0x7ffd7dceffff</arg>
	</msg>
	<msg id='11' source='mc'>
		<type>MODULE_LOAD</type>
		<severity>INFO</severity>
		<timestamp>Sat Apr 29 12:07:15 2023</timestamp>
		<arg name='path'>c:\windows\system32\msvcp_win.dll</arg>
		<arg name='addr1'>0x7ffd7d9c0000</arg>
		<arg name='addr2'>0x7ffd7da5cfff</arg>
	</msg>
	<msg id='12' source='mc'>
		<type>MODULE_LOAD</type>
		<severity>INFO</severity>
		<timestamp>Sat Apr 29 12:07:16 2023</timestamp>
		<arg name='path'>c:\windows\system32\ucrtbase.dll</arg>
		<arg name='addr1'>0x7ffd7da90000</arg>
		<arg name='addr2'>0x7ffd7db8ffff</arg>
	</msg>
	<msg id='13' source='mc'>
		<type>MODULE_LOAD_NO_ANALYSIS</type>
		<severity>INFO</severity>
		<timestamp>Sat Apr 29 12:07:16 2023</timestamp>
		<arg name='path'>c:\windows\system32\shell32.dll</arg>
		<arg name='addr1'>0x7ffd7de30000</arg>
		<arg name='addr2'>0x7ffd7e573fff</arg>
	</msg>
	<msg id='14' source='mc'>
		<type>MODULE_LOAD_NO_ANALYSIS</type>
		<severity>INFO</severity>
		<timestamp>Sat Apr 29 12:07:16 2023</timestamp>
		<arg name='path'>c:\windows\system32\ole32.dll</arg>
		<arg name='addr1'>0x7ffd7f900000</arg>
		<arg name='addr2'>0x7ffd7fa29fff</arg>
	</msg>
	<msg id='15' source='mc'>
		<type>MODULE_LOAD_NO_ANALYSIS</type>
		<severity>INFO</severity>
		<timestamp>Sat Apr 29 12:07:16 2023</timestamp>
		<arg name='path'>c:\windows\system32\rpcrt4.dll</arg>
		<arg name='addr1'>0x7ffd7f240000</arg>
		<arg name='addr2'>0x7ffd7f365fff</arg>
	</msg>
	<msg id='16' source='mc'>
		<type>MODULE_LOAD_NO_ANALYSIS</type>
		<severity>INFO</severity>
		<timestamp>Sat Apr 29 12:07:16 2023</timestamp>
		<arg name='path'>c:\windows\system32\combase.dll</arg>
		<arg name='addr1'>0x7ffd7e850000</arg>
		<arg name='addr2'>0x7ffd7eba3fff</arg>
	</msg>
	<msg id='17' source='mc'>
		<type>MODULE_LOAD</type>
		<severity>INFO</severity>
		<timestamp>Sat Apr 29 12:07:16 2023</timestamp>
		<arg name='path'>c:\windows\system32\shlwapi.dll</arg>
		<arg name='addr1'>0x7ffd7f1e0000</arg>
		<arg name='addr2'>0x7ffd7f234fff</arg>
	</msg>
	<msg id='18' source='mc'>
		<type>MODULE_LOAD_NO_ANALYSIS</type>
		<severity>INFO</severity>
		<timestamp>Sat Apr 29 12:07:16 2023</timestamp>
		<arg name='path'>c:\windows\system32\msvcrt.dll</arg>
		<arg name='addr1'>0x166773a0000</arg>
		<arg name='addr2'>0x1667743dfff</arg>
	</msg>
	<msg id='19' source='mc'>
		<type>MODULE_LOAD_NO_ANALYSIS</type>
		<severity>INFO</severity>
		<timestamp>Sat Apr 29 12:07:16 2023</timestamp>
		<arg name='path'>c:\windows\system32\dwmapi.dll</arg>
		<arg name='addr1'>0x7ffd7ad80000</arg>
		<arg name='addr2'>0x7ffd7adaefff</arg>
	</msg>
	<msg id='20' source='mc'>
		<type>MODULE_LOAD</type>
		<severity>INFO</severity>
		<timestamp>Sat Apr 29 12:07:16 2023</timestamp>
		<arg name='path'>c:\windows\system32\opengl32.dll</arg>
		<arg name='addr1'>0x7ffd44800000</arg>
		<arg name='addr2'>0x7ffd44924fff</arg>
	</msg>
	<msg id='21' source='mc'>
		<type>MODULE_LOAD_NO_ANALYSIS</type>
		<severity>INFO</severity>
		<timestamp>Sat Apr 29 12:07:17 2023</timestamp>
		<arg name='path'>c:\windows\system32\advapi32.dll</arg>
		<arg name='addr1'>0x7ffd7ecc0000</arg>
		<arg name='addr2'>0x7ffd7ed6dfff</arg>
	</msg>
	<msg id='22' source='mc'>
		<type>MODULE_LOAD</type>
		<severity>INFO</severity>
		<timestamp>Sat Apr 29 12:07:17 2023</timestamp>
		<arg name='path'>c:\windows\system32\sechost.dll</arg>
		<arg name='addr1'>0x7ffd7fa40000</arg>
		<arg name='addr2'>0x7ffd7fadbfff</arg>
	</msg>
	<msg id='23' source='mc'>
		<type>MODULE_LOAD</type>
		<severity>INFO</severity>
		<timestamp>Sat Apr 29 12:07:18 2023</timestamp>
		<arg name='path'>c:\windows\system32\d2d1.dll</arg>
		<arg name='addr1'>0x7ffd796d0000</arg>
		<arg name='addr2'>0x7ffd79c8ffff</arg>
	</msg>
	<msg id='24' source='mc'>
		<type>MODULE_LOAD</type>
		<severity>INFO</severity>
		<timestamp>Sat Apr 29 12:07:18 2023</timestamp>
		<arg name='path'>c:\windows\system32\dwrite.dll</arg>
		<arg name='addr1'>0x7ffd6e360000</arg>
		<arg name='addr2'>0x7ffd6e5defff</arg>
	</msg>
	<msg id='25' source='mc'>
		<type>MODULE_LOAD</type>
		<severity>INFO</severity>
		<timestamp>Sat Apr 29 12:07:18 2023</timestamp>
		<arg name='path'>c:\windows\system32\glu32.dll</arg>
		<arg name='addr1'>0x7ffd6bd50000</arg>
		<arg name='addr2'>0x7ffd6bd7bfff</arg>
	</msg>
	<msg id='26' source='mc'>
		<type>MODULE_LOAD_NO_ANALYSIS</type>
		<severity>INFO</severity>
		<timestamp>Sat Apr 29 12:07:18 2023</timestamp>
		<arg name='path'>c:\windows\system32\imm32.dll</arg>
		<arg name='addr1'>0x7ffd7f8d0000</arg>
		<arg name='addr2'>0x7ffd7f8fffff</arg>
	</msg>
	<msg id='27' source='mc'>
		<type>MODULE_LOAD_NO_ANALYSIS</type>
		<severity>INFO</severity>
		<timestamp>Sat Apr 29 12:07:18 2023</timestamp>
		<arg name='path'>c:\windows\system32\bcryptprimitives.dll</arg>
		<arg name='addr1'>0x7ffd7d930000</arg>
		<arg name='addr2'>0x7ffd7d9b1fff</arg>
	</msg>
	<msg id='28' source='mc'>
		<type>MODULE_LOAD</type>
		<severity>INFO</severity>
		<timestamp>Sat Apr 29 12:07:19 2023</timestamp>
		<arg name='path'>c:\windows\system32\kernel.appcore.dll</arg>
		<arg name='addr1'>0x7ffd7bc10000</arg>
		<arg name='addr2'>0x7ffd7bc21fff</arg>
	</msg>
	<msg id='29' source='mc'>
		<type>MODULE_LOAD</type>
		<severity>INFO</severity>
		<timestamp>Sat Apr 29 12:07:19 2023</timestamp>
		<arg name='path'>c:\windows\system32\textshaping.dll</arg>
		<arg name='addr1'>0x7ffd6d820000</arg>
		<arg name='addr2'>0x7ffd6d8cbfff</arg>
	</msg>
	<msg id='30' source='mc'>
		<type>MODULE_LOAD_NO_ANALYSIS</type>
		<severity>INFO</severity>
		<timestamp>Sat Apr 29 12:07:19 2023</timestamp>
		<arg name='path'>c:\windows\system32\uxtheme.dll</arg>
		<arg name='addr1'>0x7ffd7aa00000</arg>
		<arg name='addr2'>0x7ffd7aa9dfff</arg>
	</msg>
	<msg id='31' source='mc'>
		<type>MODULE_LOAD</type>
		<severity>INFO</severity>
		<timestamp>Sat Apr 29 12:07:19 2023</timestamp>
		<arg name='path'>c:\programdata\a-volute\a-volute.28054df1f58b4\modules\scheduledmodules\x64\audiodevprops2.dll</arg>
		<arg name='addr1'>0x7ffd26a50000</arg>
		<arg name='addr2'>0x7ffd26b87fff</arg>
	</msg>
	<msg id='32' source='mc'>
		<type>MODULE_LOAD</type>
		<severity>INFO</severity>
		<timestamp>Sat Apr 29 12:07:19 2023</timestamp>
		<arg name='path'>c:\windows\system32\ws2_32.dll</arg>
		<arg name='addr1'>0x7ffd7f370000</arg>
		<arg name='addr2'>0x7ffd7f3dafff</arg>
	</msg>
	<msg id='33' source='mc'>
		<type>MODULE_LOAD</type>
		<severity>INFO</severity>
		<timestamp>Sat Apr 29 12:07:19 2023</timestamp>
		<arg name='path'>c:\programdata\a-volute\a-volute.28054df1f58b4\modules\scheduledmodules\x64\nahimicosd.dll</arg>
		<arg name='addr1'>0x7ffd27cb0000</arg>
		<arg name='addr2'>0x7ffd27d5dfff</arg>
	</msg>
	<msg id='34' source='mc'>
		<type>MODULE_LOAD</type>
		<severity>INFO</severity>
		<timestamp>Sat Apr 29 12:07:19 2023</timestamp>
		<arg name='path'>c:\programdata\a-volute\a-volute.28054df1f58b4\modules\scheduledmodules\x64\productinfo.dll</arg>
		<arg name='addr1'>0x7ffd27d90000</arg>
		<arg name='addr2'>0x7ffd27daffff</arg>
	</msg>
	<msg id='35' source='mc'>
		<type>MODULE_LOAD</type>
		<severity>INFO</severity>
		<timestamp>Sat Apr 29 12:07:19 2023</timestamp>
		<arg name='path'>c:\programdata\a-volute\a-volute.sonicstudio3\modules\scheduledmodules\x64\audiodevprops2.dll</arg>
		<arg name='addr1'>0x7ffd41030000</arg>
		<arg name='addr2'>0x7ffd41167fff</arg>
	</msg>
	<msg id='36' source='mc'>
		<type>MODULE_LOAD_NO_ANALYSIS</type>
		<severity>INFO</severity>
		<timestamp>Sat Apr 29 12:07:20 2023</timestamp>
		<arg name='path'>c:\windows\system32\msctf.dll</arg>
		<arg name='addr1'>0x16601310000</arg>
		<arg name='addr2'>0x16601423fff</arg>
	</msg>
	<msg id='37' source='mc'>
		<type>MODULE_LOAD_NO_ANALYSIS</type>
		<severity>INFO</severity>
		<timestamp>Sat Apr 29 12:07:20 2023</timestamp>
		<arg name='path'>c:\windows\system32\oleaut32.dll</arg>
		<arg name='addr1'>0x7ffd7f660000</arg>
		<arg name='addr2'>0x7ffd7f72cfff</arg>
	</msg>
	<msg id='38' source='mc'>
		<type>MODULE_LOAD_NO_ANALYSIS</type>
		<severity>INFO</severity>
		<timestamp>Sat Apr 29 12:07:20 2023</timestamp>
		<arg name='path'>c:\windows\system32\textinputframework.dll</arg>
		<arg name='addr1'>0x7ffd72470000</arg>
		<arg name='addr2'>0x7ffd72568fff</arg>
	</msg>
	<msg id='39' source='mc'>
		<type>MODULE_LOAD_NO_ANALYSIS</type>
		<severity>INFO</severity>
		<timestamp>Sat Apr 29 12:07:21 2023</timestamp>
		<arg name='path'>c:\windows\system32\coreuicomponents.dll</arg>
		<arg name='addr1'>0x7ffd7a200000</arg>
		<arg name='addr2'>0x7ffd7a55dfff</arg>
	</msg>
	<msg id='40' source='mc'>
		<type>MODULE_LOAD_NO_ANALYSIS</type>
		<severity>INFO</severity>
		<timestamp>Sat Apr 29 12:07:21 2023</timestamp>
		<arg name='path'>c:\windows\system32\shcore.dll</arg>
		<arg name='addr1'>0x166015d0000</arg>
		<arg name='addr2'>0x1660167cfff</arg>
	</msg>
	<msg id='41' source='mc'>
		<type>MODULE_LOAD_NO_ANALYSIS</type>
		<severity>INFO</severity>
		<timestamp>Sat Apr 29 12:07:21 2023</timestamp>
		<arg name='path'>c:\windows\system32\coremessaging.dll</arg>
		<arg name='addr1'>0x166016b0000</arg>
		<arg name='addr2'>0x166017a1fff</arg>
	</msg>
	<msg id='42' source='mc'>
		<type>MODULE_LOAD</type>
		<severity>INFO</severity>
		<timestamp>Sat Apr 29 12:07:21 2023</timestamp>
		<arg name='path'>c:\windows\system32\ntmarta.dll</arg>
		<arg name='addr1'>0x7ffd7c530000</arg>
		<arg name='addr2'>0x7ffd7c562fff</arg>
	</msg>
	<msg id='43' source='mc'>
		<type>MODULE_LOAD</type>
		<severity>INFO</severity>
		<timestamp>Sat Apr 29 12:07:22 2023</timestamp>
		<arg name='path'>c:\windows\system32\wintypes.dll</arg>
		<arg name='addr1'>0x7ffd78ea0000</arg>
		<arg name='addr2'>0x7ffd78ff3fff</arg>
	</msg>
	<!-- DIAG: 2 -->
	<!-- DIAG: 3 -->