C:\Program Files (x86)\MSBuild\Microsoft.Cpp\v4.0\V140\Microsoft.CppBuild.targets(367,5): warning MSB8004: Intermediate Directory does not end with a trailing slash.  This build instance will add the slash as it is required to allow proper evaluation of the Intermediate Directory.
C:\Program Files (x86)\MSBuild\Microsoft.Cpp\v4.0\V140\Microsoft.CppBuild.targets(368,5): warning MSB8004: Output Directory does not end with a trailing slash.  This build instance will add the slash as it is required to allow proper evaluation of the Output Directory.
LINK : warning LNK4075: ignoring '/INCREMENTAL' due to '/LTCG' specification
     Creating library C:\gamedev\genny_git\Genny\\bin\Release\x64\Genny_x64.lib and object C:\gamedev\genny_git\Genny\\bin\Release\x64\Genny_x64.exp
  Generating code
c:\gamedev\genny_git\genny\src\ym2612\ym2612.cpp(970): warning C4715: 'YM2612::packParameter': not all control paths return a value
c:\gamedev\genny_git\genny\src\interface\uiknob.cpp(88): warning C4715: 'UIKnob::onMouseUp': not all control paths return a value
  523 of 8319 functions ( 6.3%) were compiled, the rest were copied from previous compilation.
    0 functions were new in current compilation
    131 functions had inline decision re-evaluated but remain unchanged
  Finished generating code
  Genny.vcxproj -> C:\gamedev\genny_git\Genny\\bin\Release\x64\Genny_x64.dll
  Genny.vcxproj -> C:\gamedev\genny_git\Genny\\bin\Release\x64\Genny_x64.pdb (Full PDB)
  
  -------------------------------------------------------------------------------
     ROBOCOPY     ::     Robust File Copy for Windows                              
  -------------------------------------------------------------------------------
  
    Started : Thursday, February 27, 2020 9:07:15 AM
     Source : C:\gamedev\genny_git\Genny\bin\Release\x64\
       Dest : C:\gamedev\genny_git\Genny\dist\genny\vst\
  
      Files : Genny_x64.dll
  	    
    Options : /DCOPY:DA /COPY:DAT /R:1000000 /W:30 
  
  ------------------------------------------------------------------------------
  
  	                   1	C:\gamedev\genny_git\Genny\bin\Release\x64\
  	    Newer     		   2.9 m	Genny_x64.dll
    0%  
   16%  
   33%  
   50%  
   67%  
   84%  
  100%  
  
  ------------------------------------------------------------------------------
  
                 Total    Copied   Skipped  Mismatch    FAILED    Extras
      Dirs :         1         0         1         0         0         0
     Files :         1         1         0         0         0         0
     Bytes :    2.96 m    2.96 m         0         0         0         0
     Times :   0:00:00   0:00:00                       0:00:00   0:00:00
  
  
     Speed :           1037141333 Bytes/sec.
     Speed :            59345.703 MegaBytes/min.
     Ended : Thursday, February 27, 2020 9:07:15 AM
  
C:\Program Files (x86)\MSBuild\Microsoft.Cpp\v4.0\V140\Microsoft.CppCommon.targets(133,5): error MSB3073: The command "call robocopy "C:\gamedev\genny_git\Genny\bin\Release\x64" "C:\gamedev\genny_git\Genny\dist\genny\vst" "Genny_x64.dll"
C:\Program Files (x86)\MSBuild\Microsoft.Cpp\v4.0\V140\Microsoft.CppCommon.targets(133,5): error MSB3073: :VCEnd" exited with code 1.
