C:\Program Files (x86)\MSBuild\Microsoft.Cpp\v4.0\V140\Microsoft.CppBuild.targets(367,5): warning MSB8004: Intermediate Directory does not end with a trailing slash.  This build instance will add the slash as it is required to allow proper evaluation of the Intermediate Directory.
C:\Program Files (x86)\MSBuild\Microsoft.Cpp\v4.0\V140\Microsoft.CppBuild.targets(368,5): warning MSB8004: Output Directory does not end with a trailing slash.  This build instance will add the slash as it is required to allow proper evaluation of the Output Directory.
     Creating library C:\gamedev\genny_git\Genny\\bin\ReleaseFL\x86\GennyFL.lib and object C:\gamedev\genny_git\Genny\\bin\ReleaseFL\x86\GennyFL.exp
GennyFL.exp : warning LNK4070: /OUT:Genny FL.dll directive in .EXP differs from output filename 'C:\gamedev\genny_git\Genny\\bin\ReleaseFL\x86\GennyFL.dll'; ignoring directive
  Generating code
  0 of 8209 functions ( 0.0%) were compiled, the rest were copied from previous compilation.
    0 functions were new in current compilation
    12 functions had inline decision re-evaluated but remain unchanged
  Finished generating code
GennyFL.exp : warning LNK4070: /OUT:Genny FL.dll directive in .EXP differs from output filename 'C:\gamedev\genny_git\Genny\\bin\ReleaseFL\x86\GennyFL.dll'; ignoring directive
  Genny.vcxproj -> C:\gamedev\genny_git\Genny\\bin\ReleaseFL\x86\GennyFL.dll
  Genny.vcxproj -> C:\gamedev\genny_git\Genny\\bin\ReleaseFL\x86\GennyFL.pdb (Full PDB)
  
  -------------------------------------------------------------------------------
     ROBOCOPY     ::     Robust File Copy for Windows                              
  -------------------------------------------------------------------------------
  
    Started : Thursday, February 27, 2020 9:07:24 AM
     Source : C:\gamedev\genny_git\Genny\bin\ReleaseFL\x86\
       Dest : C:\gamedev\genny_git\Genny\dist\genny\fl\GennyFL\
  
      Files : GennyFL.dll
  	    
    Options : /DCOPY:DA /COPY:DAT /R:1000000 /W:30 
  
  ------------------------------------------------------------------------------
  
  	                   1	C:\gamedev\genny_git\Genny\bin\ReleaseFL\x86\
  	    Newer     		   2.8 m	GennyFL.dll
    0%  
   17%  
   35%  
   53%  
   71%  
   88%  
  100%  
  
  ------------------------------------------------------------------------------
  
                 Total    Copied   Skipped  Mismatch    FAILED    Extras
      Dirs :         1         0         1         0         0         0
     Files :         1         1         0         0         0         0
     Bytes :    2.81 m    2.81 m         0         0         0         0
     Times :   0:00:00   0:00:00                       0:00:00   0:00:00
  
  
     Speed :           984405333 Bytes/sec.
     Speed :           56328.125 MegaBytes/min.
     Ended : Thursday, February 27, 2020 9:07:24 AM
  
C:\Program Files (x86)\MSBuild\Microsoft.Cpp\v4.0\V140\Microsoft.CppCommon.targets(133,5): error MSB3073: The command "call robocopy "C:\gamedev\genny_git\Genny\bin\ReleaseFL\x86" "C:\gamedev\genny_git\Genny\dist\genny\fl\GennyFL" "GennyFL.dll"
C:\Program Files (x86)\MSBuild\Microsoft.Cpp\v4.0\V140\Microsoft.CppCommon.targets(133,5): error MSB3073: :VCEnd" exited with code 1.
